<?xml version="1.0" encoding="UTF-8"?>
<!-- Generated by org.testng.reporters.JUnitReportReporter -->
<testsuite skipped="0" hostname="MHLAB2C568-07" name="test.LoginTest" tests="1" failures="0" timestamp="2021-03-12T01:14:26 CST" time="5.963" errors="0">
  <testcase name="validUserShouldBeAbleToLogin" time="5.963" classname="test.LoginTest"/>
  <system-out/>
</testsuite> <!-- test.LoginTest -->
