<?xml version="1.0" encoding="UTF-8"?>
<!-- Generated by org.testng.reporters.JUnitReportReporter -->
<testsuite skipped="0" hostname="MHLAB2C568-07" name="test.AddCustomerTest" tests="1" failures="0" timestamp="2021-03-12T23:09:08 CST" time="25.191" errors="0">
  <testcase name="validUserShouldBeAbleToCreateCustomer" time="25.191" classname="test.AddCustomerTest"/>
  <system-out/>
</testsuite> <!-- test.AddCustomerTest -->
